[2026-02-02T11:20:44.638Z] Starte Generierung der Präsentation...
[2026-02-02T11:20:45.182Z] Gefundene Jahre: 2023, 2024, 2025
[2026-02-02T11:20:45.248Z] saveChartAsPNG: Einnahmen_2025.png - configuration:
{
  "type": "bar",
  "data": {
    "labels": [
      "2023",
      "2024",
      "2025"
    ],
    "datasets": [
      {
        "label": "Spende von Mitgliedern",
        "data": [
          {
            "y": 134808.58,
            "__cat": "Spende von Mitgliedern"
          },
          {
            "y": 143404.88,
            "__cat": "Spende von Mitgliedern"
          },
          {
            "y": 139829.89,
            "__cat": "Spende von Mitgliedern"
          }
        ],
        "backgroundColor": "#3B82F6",
        "borderColor": "#ffffff",
        "borderWidth": 1,
        "stack": "stack1",
        "barPercentage": 1,
        "categoryPercentage": 1,
        "datalabels": {
          "display": "function(context) {\r\n        try {\r\n          const v = context && context.dataset && context.dataset.data && typeof context.dataIndex === 'number'\r\n            ? context.dataset.data[context.dataIndex]\r\n            : (context && context.parsed ? context.parsed : 0);\r\n          return Math.abs(v || 0) > 0.5;\r\n        } catch (e) {\r\n          return false;\r\n        }\r\n      }",
          "color": "#ffffff",
          "font": {
            "weight": "bold",
            "size": 14
          },
          "anchor": "center",
          "align": "center",
          "formatter": "function(value, context) {\r\n        try {\r\n          const label = context && context.dataset && context.dataset.label ? context.dataset.label : '';\r\n          // show category and value on same line\r\n          return (label ? label + ' ' : '') + (function(v){const n=Math.round(v); return n.toString().replace(/\\B(?=(\\d{3})+(?!\\d))/g, '.');})(value) + ' €';\r\n        } catch (e) {\r\n          return Math.round(value) + ' €';\r\n        }\r\n      }"
        }
      },
      {
        "label": "Kollekte Eigenbedarf",
        "data": [
          {
            "y": 9681.44,
            "__cat": "Kollekte Eigenbedarf"
          },
          {
            "y": 12041.66,
            "__cat": "Kollekte Eigenbedarf"
          },
          {
            "y": 12585.3,
            "__cat": "Kollekte Eigenbedarf"
          }
        ],
        "backgroundColor": "#10B981",
        "borderColor": "#ffffff",
        "borderWidth": 1,
        "stack": "stack1",
        "barPercentage": 1,
        "categoryPercentage": 1,
        "datalabels": {
          "display": "function(context) {\r\n        try {\r\n          const v = context && context.dataset && context.dataset.data && typeof context.dataIndex === 'number'\r\n            ? context.dataset.data[context.dataIndex]\r\n            : (context && context.parsed ? context.parsed : 0);\r\n          return Math.abs(v || 0) > 0.5;\r\n        } catch (e) {\r\n          return false;\r\n        }\r\n      }",
          "color": "#ffffff",
          "font": {
            "weight": "bold",
            "size": 14
          },
          "anchor": "center",
          "align": "center",
          "formatter": "function(value, context) {\r\n        try {\r\n          const label = context && context.dataset && context.dataset.label ? context.dataset.label : '';\r\n          // show category and value on same line\r\n          return (label ? label + ' ' : '') + (function(v){const n=Math.round(v); return n.toString().replace(/\\B(?=(\\d{3})+(?!\\d))/g, '.');})(value) + ' €';\r\n        } catch (e) {\r\n          return Math.round(value) + ' €';\r\n        }\r\n      }"
        }
      },
      {
        "label": "Freizeitbeträge Teilnehmer",
        "data": [
          {
            "y": 5440.5,
            "__cat": "Freizeitbeträge Teilnehmer"
          },
          {
            "y": 780,
            "__cat": "Freizeitbeträge Teilnehmer"
          },
          {
            "y": 10100,
            "__cat": "Freizeitbeträge Teilnehmer"
          }
        ],
        "backgroundColor": "#F59E0B",
        "borderColor": "#ffffff",
        "borderWidth": 1,
        "stack": "stack1",
        "barPercentage": 1,
        "categoryPercentage": 1,
        "datalabels": {
          "display": "function(context) {\r\n        try {\r\n          const v = context && context.dataset && context.dataset.data && typeof context.dataIndex === 'number'\r\n            ? context.dataset.data[context.dataIndex]\r\n            : (context && context.parsed ? context.parsed : 0);\r\n          return Math.abs(v || 0) > 0.5;\r\n        } catch (e) {\r\n          return false;\r\n        }\r\n      }",
          "color": "#ffffff",
          "font": {
            "weight": "bold",
            "size": 14
          },
          "anchor": "center",
          "align": "center",
          "formatter": "function(value, context) {\r\n        try {\r\n          const label = context && context.dataset && context.dataset.label ? context.dataset.label : '';\r\n          // show category and value on same line\r\n          return (label ? label + ' ' : '') + (function(v){const n=Math.round(v); return n.toString().replace(/\\B(?=(\\d{3})+(?!\\d))/g, '.');})(value) + ' €';\r\n        } catch (e) {\r\n          return Math.round(value) + ' €';\r\n        }\r\n      }"
        }
      },
      {
        "label": "Spende von Freunden",
        "data": [
          {
            "y": 2093.38,
            "__cat": "Spende von Freunden"
          },
          {
            "y": 5590,
            "__cat": "Spende von Freunden"
          },
          {
            "y": 6130,
            "__cat": "Spende von Freunden"
          }
        ],
        "backgroundColor": "#EF4444",
        "borderColor": "#ffffff",
        "borderWidth": 1,
        "stack": "stack1",
        "barPercentage": 1,
        "categoryPercentage": 1,
        "datalabels": {
          "display": "function(context) {\r\n        try {\r\n          const v = context && context.dataset && context.dataset.data && typeof context.dataIndex === 'number'\r\n            ? context.dataset.data[context.dataIndex]\r\n            : (context && context.parsed ? context.parsed : 0);\r\n          return Math.abs(v || 0) > 0.5;\r\n        } catch (e) {\r\n          return false;\r\n        }\r\n      }",
          "color": "#ffffff",
          "font": {
            "weight": "bold",
            "size": 14
          },
          "anchor": "center",
          "align": "center",
          "formatter": "function(value, context) {\r\n        try {\r\n          const label = context && context.dataset && context.dataset.label ? context.dataset.label : '';\r\n          // show category and value on same line\r\n          return (label ? label + ' ' : '') + (function(v){const n=Math.round(v); return n.toString().replace(/\\B(?=(\\d{3})+(?!\\d))/g, '.');})(value) + ' €';\r\n        } catch (e) {\r\n          return Math.round(value) + ' €';\r\n        }\r\n      }"
        }
      },
      {
        "label": "Spende für Allianz-Mission",
        "data": [
          {
            "y": 2200,
            "__cat": "Spende für Allianz-Mission"
          },
          {
            "y": 3720,
            "__cat": "Spende für Allianz-Mission"
          },
          {
            "y": 3730,
            "__cat": "Spende für Allianz-Mission"
          }
        ],
        "backgroundColor": "#8B5CF6",
        "borderColor": "#ffffff",
        "borderWidth": 1,
        "stack": "stack1",
        "barPercentage": 1,
        "categoryPercentage": 1,
        "datalabels": {
          "display": "function(context) {\r\n        try {\r\n          const v = context && context.dataset && context.dataset.data && typeof context.dataIndex === 'number'\r\n            ? context.dataset.data[context.dataIndex]\r\n            : (context && context.parsed ? context.parsed : 0);\r\n          return Math.abs(v || 0) > 0.5;\r\n        } catch (e) {\r\n          return false;\r\n        }\r\n      }",
          "color": "#ffffff",
          "font": {
            "weight": "bold",
            "size": 14
          },
          "anchor": "center",
          "align": "center",
          "formatter": "function(value, context) {\r\n        try {\r\n          const label = context && context.dataset && context.dataset.label ? context.dataset.label : '';\r\n          // show category and value on same line\r\n          return (label ? label + ' ' : '') + (function(v){const n=Math.round(v); return n.toString().replace(/\\B(?=(\\d{3})+(?!\\d))/g, '.');})(value) + ' €';\r\n        } catch (e) {\r\n          return Math.round(value) + ' €';\r\n        }\r\n      }"
        }
      },
      {
        "label": "Vermietung",
        "data": [
          {
            "y": 1785,
            "__cat": "Vermietung"
          },
          {
            "y": 2940,
            "__cat": "Vermietung"
          },
          {
            "y": 4292,
            "__cat": "Vermietung"
          }
        ],
        "backgroundColor": "#EC4899",
        "borderColor": "#ffffff",
        "borderWidth": 1,
        "stack": "stack1",
        "barPercentage": 1,
        "categoryPercentage": 1,
        "datalabels": {
          "display": "function(context) {\r\n        try {\r\n          const v = context && context.dataset && context.dataset.data && typeof context.dataIndex === 'number'\r\n            ? context.dataset.data[context.dataIndex]\r\n            : (context && context.parsed ? context.parsed : 0);\r\n          return Math.abs(v || 0) > 0.5;\r\n        } catch (e) {\r\n          return false;\r\n        }\r\n      }",
          "color": "#ffffff",
          "font": {
            "weight": "bold",
            "size": 14
          },
          "anchor": "center",
          "align": "center",
          "formatter": "function(value, context) {\r\n        try {\r\n          const label = context && context.dataset && context.dataset.label ? context.dataset.label : '';\r\n          // show category and value on same line\r\n          return (label ? label + ' ' : '') + (function(v){const n=Math.round(v); return n.toString().replace(/\\B(?=(\\d{3})+(?!\\d))/g, '.');})(value) + ' €';\r\n        } catch (e) {\r\n          return Math.round(value) + ' €';\r\n        }\r\n      }"
        }
      },
      {
        "label": "Kollekte zur Weiterleitung",
        "data": [
          {
            "y": 2576.62,
            "__cat": "Kollekte zur Weiterleitung"
          },
          {
            "y": 1997.45,
            "__cat": "Kollekte zur Weiterleitung"
          },
          {
            "y": 1113.15,
            "__cat": "Kollekte zur Weiterleitung"
          }
        ],
        "backgroundColor": "#06B6D4",
        "borderColor": "#ffffff",
        "borderWidth": 1,
        "stack": "stack1",
        "barPercentage": 1,
        "categoryPercentage": 1,
        "datalabels": {
          "display": "function(context) {\r\n        try {\r\n          const v = context && context.dataset && context.dataset.data && typeof context.dataIndex === 'number'\r\n            ? context.dataset.data[context.dataIndex]\r\n            : (context && context.parsed ? context.parsed : 0);\r\n          return Math.abs(v || 0) > 0.5;\r\n        } catch (e) {\r\n          return false;\r\n        }\r\n      }",
          "color": "#ffffff",
          "font": {
            "weight": "bold",
            "size": 14
          },
          "anchor": "center",
          "align": "center",
          "formatter": "function(value, context) {\r\n        try {\r\n          const label = context && context.dataset && context.dataset.label ? context.dataset.label : '';\r\n          // show category and value on same line\r\n          return (label ? label + ' ' : '') + (function(v){const n=Math.round(v); return n.toString().replace(/\\B(?=(\\d{3})+(?!\\d))/g, '.');})(value) + ' €';\r\n        } catch (e) {\r\n          return Math.round(value) + ' €';\r\n        }\r\n      }"
        }
      },
      {
        "label": "Sonstiges",
        "data": [
          {
            "y": 1254.33,
            "__cat": "Sonstiges"
          },
          {
            "y": 809.21,
            "__cat": "Sonstiges"
          },
          {
            "y": 363.23,
            "__cat": "Sonstiges"
          }
        ],
        "backgroundColor": "#A9A9A9",
        "borderColor": "#ffffff",
        "borderWidth": 1,
        "stack": "stack1",
        "barPercentage": 1,
        "categoryPercentage": 1,
        "datalabels": {
          "display": "function(context) {\r\n        try {\r\n          const v = context && context.dataset && context.dataset.data && typeof context.dataIndex === 'number'\r\n            ? context.dataset.data[context.dataIndex]\r\n            : (context && context.parsed ? context.parsed : 0);\r\n          return Math.abs(v || 0) > 0.5;\r\n        } catch (e) {\r\n          return false;\r\n        }\r\n      }",
          "color": "#ffffff",
          "font": {
            "weight": "bold",
            "size": 14
          },
          "anchor": "center",
          "align": "center",
          "formatter": "function(value, context) {\r\n        try {\r\n          const label = context && context.dataset && context.dataset.label ? context.dataset.label : '';\r\n          // show category and value on same line\r\n          return (label ? label + ' ' : '') + (function(v){const n=Math.round(v); return n.toString().replace(/\\B(?=(\\d{3})+(?!\\d))/g, '.');})(value) + ' €';\r\n        } catch (e) {\r\n          return Math.round(value) + ' €';\r\n        }\r\n      }"
        }
      },
      {
        "label": "Sonstige Einnahmen",
        "data": [
          {
            "y": 3126.19,
            "__cat": "Sonstige Einnahmen"
          },
          {
            "y": 102,
            "__cat": "Sonstige Einnahmen"
          },
          {
            "y": 600,
            "__cat": "Sonstige Einnahmen"
          }
        ],
        "backgroundColor": "#F97316",
        "borderColor": "#ffffff",
        "borderWidth": 1,
        "stack": "stack1",
        "barPercentage": 1,
        "categoryPercentage": 1,
        "datalabels": {
          "display": "function(context) {\r\n        try {\r\n          const v = context && context.dataset && context.dataset.data && typeof context.dataIndex === 'number'\r\n            ? context.dataset.data[context.dataIndex]\r\n            : (context && context.parsed ? context.parsed : 0);\r\n          return Math.abs(v || 0) > 0.5;\r\n        } catch (e) {\r\n          return false;\r\n        }\r\n      }",
          "color": "#ffffff",
          "font": {
            "weight": "bold",
            "size": 14
          },
          "anchor": "center",
          "align": "center",
          "formatter": "function(value, context) {\r\n        try {\r\n          const label = context && context.dataset && context.dataset.label ? context.dataset.label : '';\r\n          // show category and value on same line\r\n          return (label ? label + ' ' : '') + (function(v){const n=Math.round(v); return n.toString().replace(/\\B(?=(\\d{3})+(?!\\d))/g, '.');})(value) + ' €';\r\n        } catch (e) {\r\n          return Math.round(value) + ' €';\r\n        }\r\n      }"
        }
      },
      {
        "label": "Spende für Bund FeG",
        "data": [
          {
            "y": 120,
            "__cat": "Spende für Bund FeG"
          },
          {
            "y": 1570,
            "__cat": "Spende für Bund FeG"
          },
          {
            "y": 1350,
            "__cat": "Spende für Bund FeG"
          }
        ],
        "backgroundColor": "#6366F1",
        "borderColor": "#ffffff",
        "borderWidth": 1,
        "stack": "stack1",
        "barPercentage": 1,
        "categoryPercentage": 1,
        "datalabels": {
          "display": "function(context) {\r\n        try {\r\n          const v = context && context.dataset && context.dataset.data && typeof context.dataIndex === 'number'\r\n            ? context.dataset.data[context.dataIndex]\r\n            : (context && context.parsed ? context.parsed : 0);\r\n          return Math.abs(v || 0) > 0.5;\r\n        } catch (e) {\r\n          return false;\r\n        }\r\n      }",
          "color": "#ffffff",
          "font": {
            "weight": "bold",
            "size": 14
          },
          "anchor": "center",
          "align": "center",
          "formatter": "function(value, context) {\r\n        try {\r\n          const label = context && context.dataset && context.dataset.label ? context.dataset.label : '';\r\n          // show category and value on same line\r\n          return (label ? label + ' ' : '') + (function(v){const n=Math.round(v); return n.toString().replace(/\\B(?=(\\d{3})+(?!\\d))/g, '.');})(value) + ' €';\r\n        } catch (e) {\r\n          return Math.round(value) + ' €';\r\n        }\r\n      }"
        }
      },
      {
        "label": "Sonstiges",
        "data": [
          {
            "y": 1254.33,
            "__cat": "Sonstiges"
          },
          {
            "y": 809.21,
            "__cat": "Sonstiges"
          },
          {
            "y": 363.23,
            "__cat": "Sonstiges"
          }
        ],
        "backgroundColor": "#A9A9A9",
        "borderColor": "#ffffff",
        "borderWidth": 1,
        "stack": "stack1",
        "barPercentage": 1,
        "categoryPercentage": 1,
        "datalabels": {
          "display": "function(context) {\r\n        try {\r\n          const v = context && context.dataset && context.dataset.data && typeof context.dataIndex === 'number'\r\n            ? context.dataset.data[context.dataIndex]\r\n            : (context && context.parsed ? context.parsed : 0);\r\n          return Math.abs(v || 0) > 0.5;\r\n        } catch (e) {\r\n          return false;\r\n        }\r\n      }",
          "color": "#ffffff",
          "font": {
            "weight": "bold",
            "size": 14
          },
          "anchor": "center",
          "align": "center",
          "formatter": "function(value, context) {\r\n        try {\r\n          const label = context && context.dataset && context.dataset.label ? context.dataset.label : '';\r\n          // show category and value on same line\r\n          return (label ? label + ' ' : '') + (function(v){const n=Math.round(v); return n.toString().replace(/\\B(?=(\\d{3})+(?!\\d))/g, '.');})(value) + ' €';\r\n        } catch (e) {\r\n          return Math.round(value) + ' €';\r\n        }\r\n      }"
        }
      }
    ]
  },
  "options": {
    "indexAxis": "x",
    "plugins": {
      "datalabels": {
        "display": true,
        "color": "#ffffff",
        "font": {
          "weight": "bold",
          "size": 14
        },
        "anchor": "center",
        "align": "center",
        "formatter": "function(value, context) {\r\n          try {\r\n            const label = context && context.dataset && context.dataset.label ? context.dataset.label : '';\r\n            return (label ? label + ' ' : '') + (function(v){const n=Math.round(v); return n.toString().replace(/\\B(?=(\\d{3})+(?!\\d))/g, '.');})(value) + ' €';\r\n          } catch (e) {\r\n            return Math.round(value) + ' €';\r\n          }\r\n        }"
      }
    },
    "elements": {
      "bar": {
        "barThickness": 80,
        "maxBarThickness": 140
      }
    },
    "scales": {
      "x": {
        "stacked": true,
        "title": {
          "display": false
        },
        "ticks": {
          "font": {
            "size": 20
          }
        },
        "grid": {
          "display": true,
          "color": "rgba(0, 0, 0, 0.1)"
        }
      },
      "y": {
        "stacked": true,
        "beginAtZero": true,
        "ticks": {
          "stepSize": 20000,
          "font": {
            "size": 20
          },
          "callback": "function(value) { const n = Math.round(value); return n.toString().replace(/\\B(?=(\\d{3})+(?!\\d))/g, '.'); }"
        },
        "title": {
          "display": false
        },
        "grid": {
          "display": true,
          "color": "rgba(0, 0, 0, 0.1)"
        }
      }
    },
    "responsive": false,
    "maintainAspectRatio": false
  }
}

[2026-02-02T11:20:45.948Z] saveChartAsPNG: Ausgaben_2025.png - configuration:
{
  "type": "bar",
  "data": {
    "labels": [
      "2023",
      "2024",
      "2025"
    ],
    "datasets": [
      {
        "label": "Pastor",
        "data": [
          {
            "y": 61013.45,
            "__cat": "Pastor"
          },
          {
            "y": 63591.79,
            "__cat": "Pastor"
          },
          {
            "y": 66705.58,
            "__cat": "Pastor"
          }
        ],
        "backgroundColor": "#3B82F6",
        "borderColor": "#ffffff",
        "borderWidth": 1,
        "stack": "stack1",
        "barPercentage": 1,
        "categoryPercentage": 1,
        "datalabels": {
          "display": "function(context) {\r\n        try {\r\n          const v = context && context.dataset && context.dataset.data && typeof context.dataIndex === 'number'\r\n            ? context.dataset.data[context.dataIndex]\r\n            : (context && context.parsed ? context.parsed : 0);\r\n          return Math.abs(v || 0) > 0.5;\r\n        } catch (e) {\r\n          return false;\r\n        }\r\n      }",
          "color": "#ffffff",
          "font": {
            "weight": "bold",
            "size": 18
          },
          "anchor": "center",
          "align": "center",
          "formatter": "function(value, context) {\r\n        try {\r\n          const label = context && context.dataset && context.dataset.label ? context.dataset.label : '';\r\n          // show category and value on same line\r\n          return (label ? label + ' ' : '') + (function(v){const n=Math.round(v); return n.toString().replace(/\\B(?=(\\d{3})+(?!\\d))/g, '.');})(value) + ' €';\r\n        } catch (e) {\r\n          return Math.round(value) + ' €';\r\n        }\r\n      }"
        }
      },
      {
        "label": "Darlehensleistungen",
        "data": [
          {
            "y": 38200,
            "__cat": "Darlehensleistungen"
          },
          {
            "y": 0,
            "__cat": "Darlehensleistungen"
          },
          {
            "y": 0,
            "__cat": "Darlehensleistungen"
          }
        ],
        "backgroundColor": "#10B981",
        "borderColor": "#ffffff",
        "borderWidth": 1,
        "stack": "stack1",
        "barPercentage": 1,
        "categoryPercentage": 1,
        "datalabels": {
          "display": "function(context) {\r\n        try {\r\n          const v = context && context.dataset && context.dataset.data && typeof context.dataIndex === 'number'\r\n            ? context.dataset.data[context.dataIndex]\r\n            : (context && context.parsed ? context.parsed : 0);\r\n          return Math.abs(v || 0) > 0.5;\r\n        } catch (e) {\r\n          return false;\r\n        }\r\n      }",
          "color": "#ffffff",
          "font": {
            "weight": "bold",
            "size": 18
          },
          "anchor": "center",
          "align": "center",
          "formatter": "function(value, context) {\r\n        try {\r\n          const label = context && context.dataset && context.dataset.label ? context.dataset.label : '';\r\n          // show category and value on same line\r\n          return (label ? label + ' ' : '') + (function(v){const n=Math.round(v); return n.toString().replace(/\\B(?=(\\d{3})+(?!\\d))/g, '.');})(value) + ' €';\r\n        } catch (e) {\r\n          return Math.round(value) + ' €';\r\n        }\r\n      }"
        }
      },
      {
        "label": "Zinsen für Darlehen",
        "data": [
          {
            "y": 0,
            "__cat": "Zinsen für Darlehen"
          },
          {
            "y": 15513.49,
            "__cat": "Zinsen für Darlehen"
          },
          {
            "y": 14564.69,
            "__cat": "Zinsen für Darlehen"
          }
        ],
        "backgroundColor": "#F59E0B",
        "borderColor": "#ffffff",
        "borderWidth": 1,
        "stack": "stack1",
        "barPercentage": 1,
        "categoryPercentage": 1,
        "datalabels": {
          "display": "function(context) {\r\n        try {\r\n          const v = context && context.dataset && context.dataset.data && typeof context.dataIndex === 'number'\r\n            ? context.dataset.data[context.dataIndex]\r\n            : (context && context.parsed ? context.parsed : 0);\r\n          return Math.abs(v || 0) > 0.5;\r\n        } catch (e) {\r\n          return false;\r\n        }\r\n      }",
          "color": "#ffffff",
          "font": {
            "weight": "bold",
            "size": 18
          },
          "anchor": "center",
          "align": "center",
          "formatter": "function(value, context) {\r\n        try {\r\n          const label = context && context.dataset && context.dataset.label ? context.dataset.label : '';\r\n          // show category and value on same line\r\n          return (label ? label + ' ' : '') + (function(v){const n=Math.round(v); return n.toString().replace(/\\B(?=(\\d{3})+(?!\\d))/g, '.');})(value) + ' €';\r\n        } catch (e) {\r\n          return Math.round(value) + ' €';\r\n        }\r\n      }"
        }
      },
      {
        "label": "Weiterleitung an Bund FeG",
        "data": [
          {
            "y": 8130.36,
            "__cat": "Weiterleitung an Bund FeG"
          },
          {
            "y": 9004.95,
            "__cat": "Weiterleitung an Bund FeG"
          },
          {
            "y": 9865.26,
            "__cat": "Weiterleitung an Bund FeG"
          }
        ],
        "backgroundColor": "#EF4444",
        "borderColor": "#ffffff",
        "borderWidth": 1,
        "stack": "stack1",
        "barPercentage": 1,
        "categoryPercentage": 1,
        "datalabels": {
          "display": "function(context) {\r\n        try {\r\n          const v = context && context.dataset && context.dataset.data && typeof context.dataIndex === 'number'\r\n            ? context.dataset.data[context.dataIndex]\r\n            : (context && context.parsed ? context.parsed : 0);\r\n          return Math.abs(v || 0) > 0.5;\r\n        } catch (e) {\r\n          return false;\r\n        }\r\n      }",
          "color": "#ffffff",
          "font": {
            "weight": "bold",
            "size": 18
          },
          "anchor": "center",
          "align": "center",
          "formatter": "function(value, context) {\r\n        try {\r\n          const label = context && context.dataset && context.dataset.label ? context.dataset.label : '';\r\n          // show category and value on same line\r\n          return (label ? label + ' ' : '') + (function(v){const n=Math.round(v); return n.toString().replace(/\\B(?=(\\d{3})+(?!\\d))/g, '.');})(value) + ' €';\r\n        } catch (e) {\r\n          return Math.round(value) + ' €';\r\n        }\r\n      }"
        }
      },
      {
        "label": "Heizung",
        "data": [
          {
            "y": 7114.33,
            "__cat": "Heizung"
          },
          {
            "y": 8084.86,
            "__cat": "Heizung"
          },
          {
            "y": 6511.03,
            "__cat": "Heizung"
          }
        ],
        "backgroundColor": "#8B5CF6",
        "borderColor": "#ffffff",
        "borderWidth": 1,
        "stack": "stack1",
        "barPercentage": 1,
        "categoryPercentage": 1,
        "datalabels": {
          "display": "function(context) {\r\n        try {\r\n          const v = context && context.dataset && context.dataset.data && typeof context.dataIndex === 'number'\r\n            ? context.dataset.data[context.dataIndex]\r\n            : (context && context.parsed ? context.parsed : 0);\r\n          return Math.abs(v || 0) > 0.5;\r\n        } catch (e) {\r\n          return false;\r\n        }\r\n      }",
          "color": "#ffffff",
          "font": {
            "weight": "bold",
            "size": 18
          },
          "anchor": "center",
          "align": "center",
          "formatter": "function(value, context) {\r\n        try {\r\n          const label = context && context.dataset && context.dataset.label ? context.dataset.label : '';\r\n          // show category and value on same line\r\n          return (label ? label + ' ' : '') + (function(v){const n=Math.round(v); return n.toString().replace(/\\B(?=(\\d{3})+(?!\\d))/g, '.');})(value) + ' €';\r\n        } catch (e) {\r\n          return Math.round(value) + ' €';\r\n        }\r\n      }"
        }
      },
      {
        "label": "Reinigung",
        "data": [
          {
            "y": 7491.78,
            "__cat": "Reinigung"
          },
          {
            "y": 7227.68,
            "__cat": "Reinigung"
          },
          {
            "y": 6777.95,
            "__cat": "Reinigung"
          }
        ],
        "backgroundColor": "#EC4899",
        "borderColor": "#ffffff",
        "borderWidth": 1,
        "stack": "stack1",
        "barPercentage": 1,
        "categoryPercentage": 1,
        "datalabels": {
          "display": "function(context) {\r\n        try {\r\n          const v = context && context.dataset && context.dataset.data && typeof context.dataIndex === 'number'\r\n            ? context.dataset.data[context.dataIndex]\r\n            : (context && context.parsed ? context.parsed : 0);\r\n          return Math.abs(v || 0) > 0.5;\r\n        } catch (e) {\r\n          return false;\r\n        }\r\n      }",
          "color": "#ffffff",
          "font": {
            "weight": "bold",
            "size": 18
          },
          "anchor": "center",
          "align": "center",
          "formatter": "function(value, context) {\r\n        try {\r\n          const label = context && context.dataset && context.dataset.label ? context.dataset.label : '';\r\n          // show category and value on same line\r\n          return (label ? label + ' ' : '') + (function(v){const n=Math.round(v); return n.toString().replace(/\\B(?=(\\d{3})+(?!\\d))/g, '.');})(value) + ' €';\r\n        } catch (e) {\r\n          return Math.round(value) + ' €';\r\n        }\r\n      }"
        }
      },
      {
        "label": "Weiterleitung Mission",
        "data": [
          {
            "y": 5543.81,
            "__cat": "Weiterleitung Mission"
          },
          {
            "y": 4810,
            "__cat": "Weiterleitung Mission"
          },
          {
            "y": 4240,
            "__cat": "Weiterleitung Mission"
          }
        ],
        "backgroundColor": "#06B6D4",
        "borderColor": "#ffffff",
        "borderWidth": 1,
        "stack": "stack1",
        "barPercentage": 1,
        "categoryPercentage": 1,
        "datalabels": {
          "display": "function(context) {\r\n        try {\r\n          const v = context && context.dataset && context.dataset.data && typeof context.dataIndex === 'number'\r\n            ? context.dataset.data[context.dataIndex]\r\n            : (context && context.parsed ? context.parsed : 0);\r\n          return Math.abs(v || 0) > 0.5;\r\n        } catch (e) {\r\n          return false;\r\n        }\r\n      }",
          "color": "#ffffff",
          "font": {
            "weight": "bold",
            "size": 18
          },
          "anchor": "center",
          "align": "center",
          "formatter": "function(value, context) {\r\n        try {\r\n          const label = context && context.dataset && context.dataset.label ? context.dataset.label : '';\r\n          // show category and value on same line\r\n          return (label ? label + ' ' : '') + (function(v){const n=Math.round(v); return n.toString().replace(/\\B(?=(\\d{3})+(?!\\d))/g, '.');})(value) + ' €';\r\n        } catch (e) {\r\n          return Math.round(value) + ' €';\r\n        }\r\n      }"
        }
      },
      {
        "label": "Weiterleitung Diakonie",
        "data": [
          {
            "y": 4052.58,
            "__cat": "Weiterleitung Diakonie"
          },
          {
            "y": 4330,
            "__cat": "Weiterleitung Diakonie"
          },
          {
            "y": 5350,
            "__cat": "Weiterleitung Diakonie"
          }
        ],
        "backgroundColor": "#84CC16",
        "borderColor": "#ffffff",
        "borderWidth": 1,
        "stack": "stack1",
        "barPercentage": 1,
        "categoryPercentage": 1,
        "datalabels": {
          "display": "function(context) {\r\n        try {\r\n          const v = context && context.dataset && context.dataset.data && typeof context.dataIndex === 'number'\r\n            ? context.dataset.data[context.dataIndex]\r\n            : (context && context.parsed ? context.parsed : 0);\r\n          return Math.abs(v || 0) > 0.5;\r\n        } catch (e) {\r\n          return false;\r\n        }\r\n      }",
          "color": "#ffffff",
          "font": {
            "weight": "bold",
            "size": 18
          },
          "anchor": "center",
          "align": "center",
          "formatter": "function(value, context) {\r\n        try {\r\n          const label = context && context.dataset && context.dataset.label ? context.dataset.label : '';\r\n          // show category and value on same line\r\n          return (label ? label + ' ' : '') + (function(v){const n=Math.round(v); return n.toString().replace(/\\B(?=(\\d{3})+(?!\\d))/g, '.');})(value) + ' €';\r\n        } catch (e) {\r\n          return Math.round(value) + ' €';\r\n        }\r\n      }"
        }
      },
      {
        "label": "Investitionen/Anschaffungen",
        "data": [
          {
            "y": 4353.42,
            "__cat": "Investitionen/Anschaffungen"
          },
          {
            "y": 3199.28,
            "__cat": "Investitionen/Anschaffungen"
          },
          {
            "y": 5283.69,
            "__cat": "Investitionen/Anschaffungen"
          }
        ],
        "backgroundColor": "#F97316",
        "borderColor": "#ffffff",
        "borderWidth": 1,
        "stack": "stack1",
        "barPercentage": 1,
        "categoryPercentage": 1,
        "datalabels": {
          "display": "function(context) {\r\n        try {\r\n          const v = context && context.dataset && context.dataset.data && typeof context.dataIndex === 'number'\r\n            ? context.dataset.data[context.dataIndex]\r\n            : (context && context.parsed ? context.parsed : 0);\r\n          return Math.abs(v || 0) > 0.5;\r\n        } catch (e) {\r\n          return false;\r\n        }\r\n      }",
          "color": "#ffffff",
          "font": {
            "weight": "bold",
            "size": 18
          },
          "anchor": "center",
          "align": "center",
          "formatter": "function(value, context) {\r\n        try {\r\n          const label = context && context.dataset && context.dataset.label ? context.dataset.label : '';\r\n          // show category and value on same line\r\n          return (label ? label + ' ' : '') + (function(v){const n=Math.round(v); return n.toString().replace(/\\B(?=(\\d{3})+(?!\\d))/g, '.');})(value) + ' €';\r\n        } catch (e) {\r\n          return Math.round(value) + ' €';\r\n        }\r\n      }"
        }
      },
      {
        "label": "Gemeindefreizeit",
        "data": [
          {
            "y": 0,
            "__cat": "Gemeindefreizeit"
          },
          {
            "y": 0,
            "__cat": "Gemeindefreizeit"
          },
          {
            "y": 9639.66,
            "__cat": "Gemeindefreizeit"
          }
        ],
        "backgroundColor": "#6366F1",
        "borderColor": "#ffffff",
        "borderWidth": 1,
        "stack": "stack1",
        "barPercentage": 1,
        "categoryPercentage": 1,
        "datalabels": {
          "display": "function(context) {\r\n        try {\r\n          const v = context && context.dataset && context.dataset.data && typeof context.dataIndex === 'number'\r\n            ? context.dataset.data[context.dataIndex]\r\n            : (context && context.parsed ? context.parsed : 0);\r\n          return Math.abs(v || 0) > 0.5;\r\n        } catch (e) {\r\n          return false;\r\n        }\r\n      }",
          "color": "#ffffff",
          "font": {
            "weight": "bold",
            "size": 18
          },
          "anchor": "center",
          "align": "center",
          "formatter": "function(value, context) {\r\n        try {\r\n          const label = context && context.dataset && context.dataset.label ? context.dataset.label : '';\r\n          // show category and value on same line\r\n          return (label ? label + ' ' : '') + (function(v){const n=Math.round(v); return n.toString().replace(/\\B(?=(\\d{3})+(?!\\d))/g, '.');})(value) + ' €';\r\n        } catch (e) {\r\n          return Math.round(value) + ' €';\r\n        }\r\n      }"
        }
      },
      {
        "label": "Sonstiges",
        "data": [
          {
            "y": 25648.539999999997,
            "__cat": "Sonstiges"
          },
          {
            "y": 16458.190000000002,
            "__cat": "Sonstiges"
          },
          {
            "y": 16004.070000000002,
            "__cat": "Sonstiges"
          }
        ],
        "backgroundColor": "#A9A9A9",
        "borderColor": "#ffffff",
        "borderWidth": 1,
        "stack": "stack1",
        "barPercentage": 1,
        "categoryPercentage": 1,
        "datalabels": {
          "display": "function(context) {\r\n        try {\r\n          const v = context && context.dataset && context.dataset.data && typeof context.dataIndex === 'number'\r\n            ? context.dataset.data[context.dataIndex]\r\n            : (context && context.parsed ? context.parsed : 0);\r\n          return Math.abs(v || 0) > 0.5;\r\n        } catch (e) {\r\n          return false;\r\n        }\r\n      }",
          "color": "#ffffff",
          "font": {
            "weight": "bold",
            "size": 18
          },
          "anchor": "center",
          "align": "center",
          "formatter": "function(value, context) {\r\n        try {\r\n          const label = context && context.dataset && context.dataset.label ? context.dataset.label : '';\r\n          // show category and value on same line\r\n          return (label ? label + ' ' : '') + (function(v){const n=Math.round(v); return n.toString().replace(/\\B(?=(\\d{3})+(?!\\d))/g, '.');})(value) + ' €';\r\n        } catch (e) {\r\n          return Math.round(value) + ' €';\r\n        }\r\n      }"
        }
      }
    ]
  },
  "options": {
    "indexAxis": "x",
    "plugins": {
      "datalabels": {
        "display": true,
        "color": "#ffffff",
        "font": {
          "weight": "bold",
          "size": 18
        },
        "anchor": "center",
        "align": "center",
        "formatter": "function(value, context) {\r\n          try {\r\n            const label = context && context.dataset && context.dataset.label ? context.dataset.label : '';\r\n              // If data point is object, use its y as value and show category and value on same line\r\n              const dp = context && context.dataset && context.dataset.data && typeof context.dataIndex === 'number' ? context.dataset.data[context.dataIndex] : null;\r\n              const v = dp && dp.y !== undefined ? dp.y : value;\r\n              const n = Math.round(v);\r\n              const numFmt = n.toString().replace(/\\B(?=(\\d{3})+(?!\\d))/g, '.');\r\n              // Display category name and value\r\n              return (label ? label + ' ' : '') + numFmt + ' €';\r\n          } catch (e) {\r\n            return Math.round(value) + ' €';\r\n          }\r\n        }"
      }
    },
    "elements": {
      "bar": {
        "barThickness": 80,
        "maxBarThickness": 140
      }
    },
    "scales": {
      "x": {
        "stacked": true,
        "title": {
          "display": false
        },
        "ticks": {
          "font": {
            "size": 20
          }
        },
        "grid": {
          "display": true,
          "color": "rgba(0, 0, 0, 0.1)"
        }
      },
      "y": {
        "stacked": true,
        "beginAtZero": true,
        "ticks": {
          "stepSize": 20000,
          "font": {
            "size": 20
          },
          "callback": "function(value) { const n = Math.round(value); return n.toString().replace(/\\B(?=(\\d{3})+(?!\\d))/g, '.'); }"
        },
        "title": {
          "display": false
        },
        "grid": {
          "display": true,
          "color": "rgba(0, 0, 0, 0.1)"
        }
      }
    },
    "responsive": false,
    "maintainAspectRatio": false
  }
}

[2026-02-02T11:20:46.332Z] saveChartAsPNG: Ausgaben_Kuchendiagramm_2025.png - configuration:
{
  "type": "pie",
  "data": {
    "labels": [
      "Pastor",
      "Zinsen für Darlehen",
      "Weiterleitung an Bund FeG",
      "Gemeindefreizeit",
      "Reinigung",
      "Heizung",
      "Weiterleitung Diakonie",
      "Investitionen/Anschaffungen",
      "Weiterleitung Mission",
      "Versicherungen",
      "Veranstaltungen",
      "Strom",
      "Grundbesitzabgaben",
      "Kontoführung/Verwaltung",
      "Gastprediger",
      "Werbung/Gemeindebrief",
      "Telefon",
      "Schulungen",
      "Wasser",
      "Weiterleitung an Rheinischer Kreis",
      "Reparaturen",
      "Geschenke",
      "Fahrtkosten",
      "Büro",
      "Arbeit mit Kindern und Jugendlichen"
    ],
    "datasets": [
      {
        "data": [
          66705.58,
          14564.69,
          9865.26,
          9639.66,
          6777.95,
          6511.03,
          5350,
          5283.69,
          4240,
          3569.28,
          2798.43,
          2561.49,
          1607.75,
          1236.1,
          902.7,
          896.36,
          480.59,
          425,
          379.58,
          350,
          291.82,
          225.88,
          137.18,
          114.76,
          27.15
        ],
        "backgroundColor": [
          "#3B82F6",
          "#10B981",
          "#F59E0B",
          "#EF4444",
          "#8B5CF6",
          "#EC4899",
          "#06B6D4",
          "#84CC16",
          "#F97316",
          "#6366F1",
          "#14B8A6",
          "#A855F7",
          "#F43F5E",
          "#0EA5E9",
          "#22C55E",
          "#3B82F6",
          "#10B981",
          "#F59E0B",
          "#EF4444",
          "#8B5CF6",
          "#EC4899",
          "#06B6D4",
          "#84CC16",
          "#F97316",
          "#6366F1"
        ],
        "borderColor": "#ffffff",
        "borderWidth": 2
      }
    ]
  },
  "options": {
    "plugins": {
      "title": {
        "display": true,
        "text": "Ausgaben nach Kategorien (2025)",
        "font": {
          "size": 20,
          "weight": "bold"
        },
        "padding": {
          "top": 10,
          "bottom": 20
        }
      },
      "legend": {
        "display": true,
        "position": "right",
        "labels": {
          "boxWidth": 15,
          "padding": 8,
          "font": {
            "size": 10
          }
        }
      },
      "tooltip": {
        "callbacks": {
          "label": "function(context) {\r\n              const label = context.label || '';\r\n              const value = context.parsed || 0;\r\n              const total = context.dataset.data.reduce((a, b) => a + b, 0);\r\n              const percentage = ((value / total) * 100).toFixed(1);\r\n              return `${label}: ${formatGermanNumber(value)} € (${percentage}%)`;\r\n            }"
        }
      }
    },
    "responsive": false,
    "maintainAspectRatio": false
  }
}

[2026-02-02T11:20:46.878Z] Fertig!
[2026-02-02T11:36:01.463Z] Starte Generierung der Präsentation...
[2026-02-02T11:36:02.107Z] Gefundene Jahre: 2023, 2024, 2025
[2026-02-02T11:36:02.164Z] Fehler: TypeError: createCharts is not a function
[2026-02-02T11:37:27.529Z] Starte Generierung der Präsentation...
[2026-02-02T11:37:28.002Z] Gefundene Jahre: 2023, 2024, 2025
[2026-02-02T11:37:28.064Z] Fehler: TypeError: createCharts is not a function
[2026-02-02T11:38:13.759Z] Starte Generierung der Präsentation...
[2026-02-02T11:38:14.229Z] Gefundene Jahre: 2023, 2024, 2025
[2026-02-02T11:38:14.294Z] Fehler: TypeError: createCharts is not a function
[2026-02-02T11:38:48.530Z] Starte Generierung der Präsentation...
[2026-02-02T11:38:49.041Z] Gefundene Jahre: 2023, 2024, 2025
[2026-02-02T11:38:49.104Z] Fehler: TypeError: createCharts is not a function
[2026-02-02T11:39:38.652Z] Starte Generierung der Präsentation...
[2026-02-02T11:39:39.147Z] Gefundene Jahre: 2023, 2024, 2025
[2026-02-02T11:39:39.214Z] Fehler: TypeError: createCharts is not a function
[2026-02-02T11:40:27.224Z] Starte Generierung der Präsentation...
[2026-02-02T11:40:27.727Z] Gefundene Jahre: 2023, 2024, 2025
[2026-02-02T11:40:27.797Z] Fehler: TypeError: createCharts is not a function
[2026-02-02T12:56:42.856Z] Starte Generierung der Präsentation...
[2026-02-02T12:56:43.578Z] Gefundene Jahre: 2023, 2024, 2025
[2026-02-02T12:56:43.638Z] Fehler: TypeError: createCharts is not a function
[2026-02-02T12:57:55.863Z] Starte Generierung der Präsentation...
[2026-02-02T12:57:56.350Z] Gefundene Jahre: 2023, 2024, 2025
[2026-02-02T12:57:56.419Z] Fehler: TypeError: createCharts is not a function
[2026-02-02T13:01:31.117Z] Starte Generierung der Präsentation...
[2026-02-02T13:01:31.625Z] Gefundene Jahre: 2023, 2024, 2025
[2026-02-02T13:01:31.687Z] Fehler: ReferenceError: __dirname is not defined
[2026-02-02T13:02:41.912Z] Starte Generierung der Präsentation...
[2026-02-02T13:02:42.411Z] Gefundene Jahre: 2023, 2024, 2025
[2026-02-02T13:02:42.505Z] Fertig!
[2026-02-02T13:23:30.956Z] Starte Generierung der Präsentation...
[2026-02-02T13:23:31.446Z] Gefundene Jahre: 2023, 2024, 2025
[2026-02-02T13:23:31.506Z] Wrote debug file: D:\Users\User\git\FeGEschweiler\Daten\result\debug_sortedExpensesData.json
[2026-02-02T13:23:31.506Z] sortedExpensesData rows: 11
[2026-02-02T13:23:31.507Z] sortedExpensesData sample row: {"2023":61013.45,"2024":63591.79,"2025":66705.58,"category":"Pastor"}
[charts] JSON from sorted data saved to D:\Users\User\git\FeGEschweiler\Daten\result\Ausgaben_2025.json
[charts] Debug JSON written to D:\Users\User\git\FeGEschweiler\Daten\result\Ausgaben_2025_debug.json
[2026-02-02T13:23:31.509Z] Ausgaben JSON erstellt: D:\Users\User\git\FeGEschweiler\Daten\result\Ausgaben_2025.json
[2026-02-02T13:23:31.560Z] Fertig!
[2026-02-02T13:31:38.718Z] Starte Generierung der Präsentation...
[2026-02-02T13:31:39.196Z] Gefundene Jahre: 2023, 2024, 2025
[2026-02-02T13:31:39.257Z] Wrote debug file: D:\Users\User\git\FeGEschweiler\Daten\result\debug_sortedExpensesData.json
[2026-02-02T13:31:39.258Z] sortedExpensesData rows: 11
[2026-02-02T13:31:39.258Z] sortedExpensesData sample row: {"2023":61013.45,"2024":63591.79,"2025":66705.58,"category":"Pastor"}
[charts] JSON from sorted data saved to D:\Users\User\git\FeGEschweiler\Daten\result\Ausgaben_2025.json
[charts] Debug JSON written to D:\Users\User\git\FeGEschweiler\Daten\result\Ausgaben_2025_debug.json
[2026-02-02T13:31:39.261Z] Ausgaben JSON erstellt: D:\Users\User\git\FeGEschweiler\Daten\result\Ausgaben_2025.json
[2026-02-02T13:31:39.290Z] Fertig!
[2026-02-02T13:33:28.128Z] Starte Generierung der Präsentation...
[2026-02-02T13:33:28.662Z] Gefundene Jahre: 2023, 2024, 2025
[2026-02-02T13:33:28.731Z] Wrote debug file: D:\Users\User\git\FeGEschweiler\Daten\result\debug_sortedExpensesData.json
[2026-02-02T13:33:28.732Z] sortedExpensesData rows: 11
[2026-02-02T13:33:28.732Z] sortedExpensesData sample row: {"2023":61013.45,"2024":63591.79,"2025":66705.58,"category":"Pastor"}
[charts] JSON from sorted data saved to D:\Users\User\git\FeGEschweiler\Daten\result\Ausgaben_2025.json
[charts] Debug JSON written to D:\Users\User\git\FeGEschweiler\Daten\result\Ausgaben_2025_debug.json
[2026-02-02T13:33:28.734Z] Ausgaben JSON erstellt: D:\Users\User\git\FeGEschweiler\Daten\result\Ausgaben_2025.json
[2026-02-02T13:33:28.768Z] Fertig!
[2026-02-02T13:37:51.990Z] Starte Generierung der Präsentation...
[2026-02-02T13:37:52.495Z] Gefundene Jahre: 2023, 2024, 2025
[2026-02-02T13:37:52.555Z] Wrote debug file: D:\Users\User\git\FeGEschweiler\Daten\result\debug_sortedExpensesData.json
[2026-02-02T13:37:52.556Z] sortedExpensesData rows: 11
[2026-02-02T13:37:52.556Z] sortedExpensesData sample row: {"2023":61013.45,"2024":63591.79,"2025":66705.58,"category":"Pastor"}
[charts] JSON from sorted data saved to D:\Users\User\git\FeGEschweiler\Daten\result\Ausgaben_2025.json
[charts] Debug JSON written to D:\Users\User\git\FeGEschweiler\Daten\result\Ausgaben_2025_debug.json
[2026-02-02T13:37:52.558Z] Ausgaben JSON erstellt: D:\Users\User\git\FeGEschweiler\Daten\result\Ausgaben_2025.json
[charts] Einnahmen JSON from sorted data saved to D:\Users\User\git\FeGEschweiler\Daten\result\Einnahmen_2025.json
[2026-02-02T13:37:52.560Z] Einnahmen JSON erstellt: D:\Users\User\git\FeGEschweiler\Daten\result\Einnahmen_2025.json
[2026-02-02T13:37:52.582Z] Fertig!
